{
  "stats": {
    "suites": 2,
    "tests": 2,
    "passes": 2,
    "pending": 0,
    "failures": 0,
    "start": "2021-07-28T19:00:22.146Z",
    "end": "2021-07-28T19:01:04.500Z",
    "duration": 26953,
    "testsRegistered": 2,
    "passPercent": 100,
    "pendingPercent": 0,
    "other": 0,
    "hasOther": false,
    "skipped": 0,
    "hasSkipped": false
  },
  "results": [
    {
      "uuid": "d2163c3c-f9f1-4a60-ae78-5effbadd3f1a",
      "title": "",
      "fullFile": "cypress/integration/web.feature",
      "file": "cypress/integration/web.feature",
      "beforeHooks": [],
      "afterHooks": [],
      "tests": [],
      "suites": [
        {
          "uuid": "5215d4e0-9712-4a72-b999-4261ea57db87",
          "title": "web",
          "fullFile": "",
          "file": "",
          "beforeHooks": [],
          "afterHooks": [],
          "tests": [
            {
              "title": "user sign in , log and shop in the web",
              "fullTitle": "web user sign in , log and shop in the web",
              "timedOut": null,
              "duration": 21824,
              "state": "passed",
              "speed": "slow",
              "pass": true,
              "fail": false,
              "pending": false,
              "context": null,
              "code": "const state = window.testState;\nreturn cy\n  .then(() => state.onStartScenario(scenario, indexedSteps))\n  .then(() =>\n    resolveAndRunBeforeHooks.call(this, scenario.tags, state.feature.name)\n  )\n  .then(() =>\n    indexedSteps.forEach((step) =>\n      stepTest.call(this, state, step, rowData)\n    )\n  )\n  .then(() => state.onFinishScenario(scenario));",
              "err": {},
              "uuid": "d14b52fa-228d-4a25-9488-fef334208d41",
              "parentUUID": "5215d4e0-9712-4a72-b999-4261ea57db87",
              "isHook": false,
              "skipped": false
            }
          ],
          "suites": [],
          "passes": [
            "d14b52fa-228d-4a25-9488-fef334208d41"
          ],
          "failures": [],
          "pending": [],
          "skipped": [],
          "duration": 21824,
          "root": false,
          "rootEmpty": false,
          "_timeout": 2000
        }
      ],
      "passes": [],
      "failures": [],
      "pending": [],
      "skipped": [],
      "duration": 0,
      "root": true,
      "rootEmpty": true,
      "_timeout": 2000
    },
    {
      "uuid": "4abfe5fc-6a23-45e4-a7d2-b028b359f8b7",
      "title": "",
      "fullFile": "cypress/integration/api.feature",
      "file": "cypress/integration/api.feature",
      "beforeHooks": [],
      "afterHooks": [],
      "tests": [],
      "suites": [
        {
          "uuid": "7d2aa59b-1a89-48e7-96ad-d0482d62e9eb",
          "title": "api",
          "fullFile": "",
          "file": "",
          "beforeHooks": [],
          "afterHooks": [],
          "tests": [
            {
              "title": "add,comprobate and update pet in the shop",
              "fullTitle": "api add,comprobate and update pet in the shop",
              "timedOut": null,
              "duration": 5129,
              "state": "passed",
              "speed": "slow",
              "pass": true,
              "fail": false,
              "pending": false,
              "context": null,
              "code": "const state = window.testState;\nreturn cy\n  .then(() => state.onStartScenario(scenario, indexedSteps))\n  .then(() =>\n    resolveAndRunBeforeHooks.call(this, scenario.tags, state.feature.name)\n  )\n  .then(() =>\n    indexedSteps.forEach((step) =>\n      stepTest.call(this, state, step, rowData)\n    )\n  )\n  .then(() => state.onFinishScenario(scenario));",
              "err": {},
              "uuid": "520c4758-e270-4466-9caf-e36f1f33a9af",
              "parentUUID": "7d2aa59b-1a89-48e7-96ad-d0482d62e9eb",
              "isHook": false,
              "skipped": false
            }
          ],
          "suites": [],
          "passes": [
            "520c4758-e270-4466-9caf-e36f1f33a9af"
          ],
          "failures": [],
          "pending": [],
          "skipped": [],
          "duration": 5129,
          "root": false,
          "rootEmpty": false,
          "_timeout": 2000
        }
      ],
      "passes": [],
      "failures": [],
      "pending": [],
      "skipped": [],
      "duration": 0,
      "root": true,
      "rootEmpty": true,
      "_timeout": 2000
    }
  ],
  "meta": {
    "mocha": {
      "version": "7.0.1"
    },
    "mochawesome": {
      "options": {
        "quiet": false,
        "reportFilename": "mochawesome",
        "saveHtml": false,
        "saveJson": true,
        "consoleReporter": "spec",
        "useInlineDiffs": false,
        "code": true
      },
      "version": "6.2.2"
    },
    "marge": {
      "options": {
        "id": "default",
        "reportDir": "cypress/reports/mocha",
        "quite": true,
        "overwrite": false,
        "html": false,
        "json": true
      },
      "version": "5.2.0"
    }
  }
}